2025-01-27 05:08:58,212 [INFO] ====== WebDriver manager ======
2025-01-27 05:08:59,732 [INFO] Get LATEST chromedriver version for google-chrome
2025-01-27 05:08:59,922 [INFO] Get LATEST chromedriver version for google-chrome
2025-01-27 05:09:00,100 [INFO] Driver [C:\Users\rahul\.wdm\drivers\chromedriver\win64\131.0.6778.264\chromedriver-win32/chromedriver.exe] found in cache
2025-01-27 05:10:08,711 [INFO] ====== WebDriver manager ======
2025-01-27 05:10:10,205 [INFO] Get LATEST chromedriver version for google-chrome
2025-01-27 05:10:10,407 [INFO] Get LATEST chromedriver version for google-chrome
2025-01-27 05:10:10,583 [INFO] Driver [C:\Users\rahul\.wdm\drivers\chromedriver\win64\131.0.6778.264\chromedriver-win32/chromedriver.exe] found in cache
2025-01-27 05:11:49,463 [INFO] Closed the cookie consent banner.
2025-01-27 05:11:49,463 [INFO] Scraping page 1...
2025-01-27 05:11:49,596 [INFO] Reached the page limit (1). Stopping.
2025-01-27 05:11:52,115 [INFO] Saved 10 job links to temp_job_links.json
2025-01-27 05:11:52,116 [INFO] Extracted 10 job links.
2025-01-27 10:12:48,233 [INFO] ====== WebDriver manager ======
2025-01-27 10:12:49,112 [INFO] Get LATEST chromedriver version for google-chrome
2025-01-27 10:12:49,369 [INFO] Get LATEST chromedriver version for google-chrome
2025-01-27 10:12:49,518 [INFO] Driver [C:\Users\rahul\.wdm\drivers\chromedriver\win64\131.0.6778.264\chromedriver-win32/chromedriver.exe] found in cache
2025-01-27 10:13:36,362 [INFO] ====== WebDriver manager ======
2025-01-27 10:13:37,213 [INFO] Get LATEST chromedriver version for google-chrome
2025-01-27 10:13:37,410 [INFO] Get LATEST chromedriver version for google-chrome
2025-01-27 10:13:37,569 [INFO] Driver [C:\Users\rahul\.wdm\drivers\chromedriver\win64\131.0.6778.264\chromedriver-win32/chromedriver.exe] found in cache
2025-01-27 10:14:03,601 [INFO] Closed the cookie consent banner.
2025-01-27 10:14:03,603 [INFO] Scraping page 1...
2025-01-27 10:14:11,014 [INFO] Scraping page 2...
2025-01-27 10:14:18,568 [INFO] Scraping page 3...
2025-01-27 10:14:26,049 [INFO] Scraping page 4...
2025-01-27 10:14:33,787 [INFO] Scraping page 5...
2025-01-27 10:14:41,258 [INFO] Scraping page 6...
2025-01-27 10:14:48,988 [INFO] Scraping page 7...
2025-01-27 10:14:56,420 [INFO] Scraping page 8...
2025-01-27 10:15:03,806 [INFO] Scraping page 9...
2025-01-27 10:15:11,170 [INFO] Scraping page 10...
2025-01-27 10:15:18,522 [INFO] Scraping page 11...
2025-01-27 10:15:26,042 [INFO] Scraping page 12...
2025-01-27 10:15:33,403 [INFO] Scraping page 13...
2025-01-27 10:15:40,779 [INFO] Scraping page 14...
2025-01-27 10:15:48,128 [INFO] Scraping page 15...
2025-01-27 10:15:55,691 [INFO] Scraping page 16...
2025-01-27 10:16:03,296 [INFO] Scraping page 17...
2025-01-27 10:16:10,770 [INFO] Scraping page 18...
2025-01-27 10:16:18,207 [INFO] Scraping page 19...
2025-01-27 10:16:26,079 [INFO] Scraping page 20...
2025-01-27 10:16:26,165 [INFO] No more pages.
2025-01-27 10:16:28,372 [INFO] Saved 200 job links to temp_job_links.json
2025-01-27 10:16:28,378 [INFO] Extracted 200 job links.
2025-01-27 10:38:40,511 [INFO] ====== WebDriver manager ======
2025-01-27 10:38:41,713 [INFO] Get LATEST chromedriver version for google-chrome
2025-01-27 10:38:41,921 [INFO] Get LATEST chromedriver version for google-chrome
2025-01-27 10:38:42,113 [INFO] Driver [C:\Users\rahul\.wdm\drivers\chromedriver\win64\131.0.6778.264\chromedriver-win32/chromedriver.exe] found in cache
2025-01-27 10:38:59,953 [INFO] Closed the cookie consent banner.
2025-01-27 10:38:59,955 [INFO] Scraping page 1...
2025-01-27 10:39:07,941 [INFO] Scraping page 2...
2025-01-27 10:39:15,461 [INFO] Scraping page 3...
2025-01-27 10:39:22,938 [INFO] Scraping page 4...
2025-01-27 10:39:30,175 [INFO] Scraping page 5...
2025-01-27 10:39:37,706 [INFO] Scraping page 6...
2025-01-27 10:39:45,044 [INFO] Scraping page 7...
2025-01-27 10:39:52,586 [INFO] Scraping page 8...
2025-01-27 10:39:59,948 [INFO] Scraping page 9...
2025-01-27 10:40:07,356 [INFO] Scraping page 10...
2025-01-27 10:40:14,653 [INFO] Scraping page 11...
2025-01-27 10:40:22,005 [INFO] Scraping page 12...
2025-01-27 10:40:29,373 [INFO] Scraping page 13...
2025-01-27 10:40:36,901 [INFO] Scraping page 14...
2025-01-27 10:40:44,446 [INFO] Scraping page 15...
2025-01-27 10:40:52,035 [INFO] Scraping page 16...
2025-01-27 10:40:59,666 [INFO] Scraping page 17...
2025-01-27 10:41:07,309 [INFO] Scraping page 18...
2025-01-27 10:41:15,136 [INFO] Scraping page 19...
2025-01-27 10:41:22,669 [INFO] Scraping page 20...
2025-01-27 10:41:22,758 [INFO] Reached the page limit (20). Stopping.
2025-01-27 10:41:24,937 [INFO] Saved 200 job links to temp_job_links.json
2025-01-27 10:41:24,938 [INFO] Extracted 200 job links.
2025-01-27 10:42:26,636 [INFO] ====== WebDriver manager ======
2025-01-27 10:42:27,512 [INFO] Get LATEST chromedriver version for google-chrome
2025-01-27 10:42:27,715 [INFO] Get LATEST chromedriver version for google-chrome
2025-01-27 10:42:27,928 [INFO] Driver [C:\Users\rahul\.wdm\drivers\chromedriver\win64\131.0.6778.264\chromedriver-win32/chromedriver.exe] found in cache
2025-01-27 10:43:53,917 [INFO] Closed the cookie consent banner.
2025-01-27 10:43:53,918 [INFO] Scraping page 1...
2025-01-27 10:44:01,155 [INFO] Scraping page 2...
2025-01-27 10:44:09,061 [INFO] Scraping page 3...
2025-01-27 10:44:16,326 [INFO] Scraping page 4...
2025-01-27 10:44:23,603 [INFO] Scraping page 5...
2025-01-27 10:44:30,984 [INFO] Scraping page 6...
2025-01-27 10:44:38,333 [INFO] Scraping page 7...
2025-01-27 10:44:46,166 [INFO] Scraping page 8...
2025-01-27 10:44:53,460 [INFO] Scraping page 9...
2025-01-27 10:45:00,809 [INFO] Scraping page 10...
2025-01-27 10:45:08,412 [INFO] Scraping page 11...
2025-01-27 10:45:15,933 [INFO] Scraping page 12...
2025-01-27 10:45:23,622 [INFO] Scraping page 13...
2025-01-27 10:45:31,134 [INFO] Scraping page 14...
2025-01-27 10:45:38,834 [INFO] Scraping page 15...
2025-01-27 10:45:46,847 [INFO] Scraping page 16...
2025-01-27 10:45:54,446 [INFO] Scraping page 17...
2025-01-27 10:46:02,068 [INFO] Scraping page 18...
2025-01-27 10:46:09,680 [INFO] Scraping page 19...
2025-01-27 10:46:17,341 [INFO] Scraping page 20...
2025-01-27 10:46:17,430 [INFO] Reached the page limit (20). Stopping.
2025-01-27 10:46:19,623 [INFO] Saved 200 job links to temp_job_links.json
2025-01-27 10:46:19,625 [INFO] Extracted 200 job links.
2025-01-27 11:01:17,626 [INFO] ====== WebDriver manager ======
2025-01-27 11:01:18,559 [INFO] Get LATEST chromedriver version for google-chrome
2025-01-27 11:01:18,741 [INFO] Get LATEST chromedriver version for google-chrome
2025-01-27 11:01:18,941 [INFO] Driver [C:\Users\rahul\.wdm\drivers\chromedriver\win64\131.0.6778.264\chromedriver-win32/chromedriver.exe] found in cache
2025-01-27 11:01:32,054 [INFO] Closed the cookie consent banner.
2025-01-27 11:01:32,055 [INFO] Scraping page 1...
2025-01-27 11:01:39,918 [INFO] Scraping page 2...
2025-01-27 11:01:47,670 [INFO] Scraping page 3...
2025-01-27 11:01:55,097 [INFO] Scraping page 4...
2025-01-27 11:02:02,865 [INFO] Scraping page 5...
2025-01-27 11:02:10,725 [INFO] Scraping page 6...
2025-01-27 11:02:18,418 [INFO] Scraping page 7...
2025-01-27 11:02:26,079 [INFO] Scraping page 8...
2025-01-27 11:02:33,717 [INFO] Scraping page 9...
2025-01-27 11:02:41,566 [INFO] Scraping page 10...
2025-01-27 11:02:49,108 [INFO] Scraping page 11...
2025-01-27 11:02:56,498 [INFO] Scraping page 12...
2025-01-27 11:03:04,228 [INFO] Scraping page 13...
2025-01-27 11:03:11,973 [INFO] Scraping page 14...
2025-01-27 11:03:19,679 [INFO] Scraping page 15...
2025-01-27 11:03:27,528 [INFO] Scraping page 16...
2025-01-27 11:03:35,226 [INFO] Scraping page 17...
2025-01-27 11:03:42,879 [INFO] Scraping page 18...
2025-01-27 11:03:50,552 [INFO] Scraping page 19...
2025-01-27 11:03:58,103 [INFO] Scraping page 20...
2025-01-27 11:03:58,184 [INFO] Reached the page limit (20). Stopping.
2025-01-27 11:04:00,326 [INFO] Saved 200 job links to temp_job_links.json
2025-01-27 11:04:00,327 [INFO] Extracted 200 job links.
2025-01-27 11:15:50,178 [INFO] ====== WebDriver manager ======
2025-01-27 11:15:51,210 [INFO] Get LATEST chromedriver version for google-chrome
2025-01-27 11:15:51,471 [INFO] Get LATEST chromedriver version for google-chrome
2025-01-27 11:15:51,640 [INFO] Driver [C:\Users\rahul\.wdm\drivers\chromedriver\win64\131.0.6778.264\chromedriver-win32/chromedriver.exe] found in cache
2025-01-27 11:16:08,479 [INFO] Closed the cookie consent banner.
2025-01-27 11:16:08,480 [INFO] Scraping page 1...
2025-01-27 11:16:15,894 [INFO] Scraping page 2...
2025-01-27 11:16:23,210 [INFO] Scraping page 3...
2025-01-27 11:16:30,475 [INFO] Scraping page 4...
2025-01-27 11:16:37,974 [INFO] Scraping page 5...
2025-01-27 11:16:45,250 [INFO] Scraping page 6...
2025-01-27 11:16:55,112 [INFO] Scraping page 7...
2025-01-27 11:17:15,268 [INFO] Scraping page 8...
2025-01-27 11:17:22,601 [INFO] Scraping page 9...
2025-01-27 11:17:29,888 [INFO] Scraping page 10...
2025-01-27 11:17:37,151 [INFO] Scraping page 11...
2025-01-27 11:17:44,431 [INFO] Scraping page 12...
2025-01-27 11:17:51,890 [INFO] Scraping page 13...
2025-01-27 11:17:59,364 [INFO] Scraping page 14...
2025-01-27 11:18:07,403 [INFO] Scraping page 15...
2025-01-27 11:18:14,767 [INFO] Scraping page 16...
2025-01-27 11:18:22,194 [INFO] Scraping page 17...
2025-01-27 11:18:29,617 [INFO] Scraping page 18...
2025-01-27 11:18:37,324 [INFO] Scraping page 19...
2025-01-27 11:18:44,697 [INFO] Scraping page 20...
2025-01-27 11:18:44,804 [INFO] Reached the page limit (20). Stopping.
2025-01-27 11:18:47,014 [INFO] Saved 200 job links to temp_job_links.json
2025-01-27 11:18:47,014 [INFO] Extracted 200 job links.
2025-01-27 11:22:20,799 [INFO] ====== WebDriver manager ======
2025-01-27 11:22:21,675 [INFO] Get LATEST chromedriver version for google-chrome
2025-01-27 11:22:21,944 [INFO] Get LATEST chromedriver version for google-chrome
2025-01-27 11:22:22,195 [INFO] Driver [C:\Users\rahul\.wdm\drivers\chromedriver\win64\131.0.6778.264\chromedriver-win32/chromedriver.exe] found in cache
2025-01-27 11:22:37,389 [INFO] Closed the cookie consent banner.
2025-01-27 11:22:37,391 [INFO] Scraping page 1...
2025-01-27 11:22:44,668 [INFO] Scraping page 2...
2025-01-27 11:22:52,048 [INFO] Scraping page 3...
2025-01-27 11:22:59,329 [INFO] Scraping page 4...
2025-01-27 11:23:07,083 [INFO] Scraping page 5...
2025-01-27 11:23:14,452 [INFO] Scraping page 6...
2025-01-27 11:23:21,807 [INFO] Scraping page 7...
2025-01-27 11:23:29,059 [INFO] Scraping page 8...
2025-01-27 11:23:36,363 [INFO] Scraping page 9...
2025-01-27 11:23:43,644 [INFO] Scraping page 10...
2025-01-27 11:23:50,893 [INFO] Scraping page 11...
2025-01-27 11:23:58,123 [INFO] Scraping page 12...
2025-01-27 11:24:05,408 [INFO] Scraping page 13...
2025-01-27 11:24:12,842 [INFO] Scraping page 14...
2025-01-27 11:24:20,093 [INFO] Scraping page 15...
2025-01-27 11:24:27,337 [INFO] Scraping page 16...
2025-01-27 11:24:34,759 [INFO] Scraping page 17...
2025-01-27 11:24:42,220 [INFO] Scraping page 18...
2025-01-27 11:24:49,801 [INFO] Scraping page 19...
2025-01-27 11:24:57,138 [INFO] Scraping page 20...
2025-01-27 11:24:57,226 [INFO] Reached the page limit (20). Stopping.
2025-01-27 11:24:59,354 [INFO] Saved 200 job links to temp_job_links.json
2025-01-27 11:24:59,355 [INFO] Extracted 200 job links.
2025-01-27 11:29:12,914 [INFO] ====== WebDriver manager ======
2025-01-27 11:29:13,729 [INFO] Get LATEST chromedriver version for google-chrome
2025-01-27 11:29:13,911 [INFO] Get LATEST chromedriver version for google-chrome
2025-01-27 11:29:14,101 [INFO] Driver [C:\Users\rahul\.wdm\drivers\chromedriver\win64\131.0.6778.264\chromedriver-win32/chromedriver.exe] found in cache
2025-01-27 11:30:12,029 [INFO] Closed the cookie consent banner.
2025-01-27 11:30:12,031 [INFO] Scraping page 1...
2025-01-27 11:30:19,727 [INFO] Scraping page 2...
2025-01-27 11:30:27,614 [INFO] Scraping page 3...
2025-01-27 11:30:35,530 [INFO] Scraping page 4...
2025-01-27 11:30:42,987 [INFO] Scraping page 5...
2025-01-27 11:30:50,617 [INFO] Scraping page 6...
2025-01-27 11:30:58,288 [INFO] Scraping page 7...
2025-01-27 11:31:05,944 [INFO] Scraping page 8...
2025-01-27 11:31:13,612 [INFO] Scraping page 9...
2025-01-27 11:31:21,358 [INFO] Scraping page 10...
2025-01-27 11:31:28,889 [INFO] Scraping page 11...
2025-01-27 11:31:36,513 [INFO] Scraping page 12...
2025-01-27 11:31:44,153 [INFO] Scraping page 13...
2025-01-27 11:31:51,864 [INFO] Scraping page 14...
2025-01-27 11:31:59,631 [INFO] Scraping page 15...
2025-01-27 11:32:07,492 [INFO] Scraping page 16...
2025-01-27 11:32:15,239 [INFO] Scraping page 17...
2025-01-27 11:32:23,178 [INFO] Scraping page 18...
2025-01-27 11:32:30,830 [INFO] Scraping page 19...
2025-01-27 11:32:38,490 [INFO] Scraping page 20...
2025-01-27 11:32:38,588 [INFO] Reached the page limit (20). Stopping.
2025-01-27 11:32:40,753 [INFO] Saved 200 job links to temp_job_links.json
2025-01-27 11:32:40,754 [INFO] Extracted 200 job links.
