2025-01-27 05:08:48,630 [INFO] Running Selenium scraper...
2025-01-27 05:09:59,342 [INFO] Running Selenium scraper...
2025-01-27 05:11:57,169 [INFO] Selenium scraper completed successfully.
2025-01-27 05:11:57,170 [INFO] Running Scrapy spider...
2025-01-27 05:14:22,949 [INFO] Scrapy spider completed successfully.
2025-01-27 05:14:22,950 [INFO] Converting JSON to Excel...
2025-01-27 05:14:27,726 [INFO] JSON-to-Excel conversion completed successfully.
2025-01-27 05:14:27,731 [INFO] All steps completed successfully. Final Excel file saved as output/jobs.xlsx.
2025-01-27 10:12:44,477 [INFO] Running Selenium scraper...
2025-01-27 10:13:32,838 [INFO] Running Selenium scraper...
2025-01-27 10:16:33,175 [INFO] Selenium scraper completed successfully.
2025-01-27 10:16:33,186 [INFO] Running Scrapy spider...
2025-01-27 10:18:36,013 [INFO] Scrapy spider completed successfully.
2025-01-27 10:18:36,014 [INFO] Converting JSON to Excel...
2025-01-27 10:18:39,149 [INFO] JSON-to-Excel conversion completed successfully.
2025-01-27 10:18:39,150 [INFO] All steps completed successfully. Final Excel file saved as output/jobs.xlsx.
2025-01-27 10:42:23,136 [INFO] Running Selenium scraper...
2025-01-27 10:46:24,298 [INFO] Selenium scraper completed successfully.
2025-01-27 10:46:24,299 [INFO] Running Scrapy spider...
2025-01-27 10:48:30,077 [INFO] Scrapy spider completed successfully.
2025-01-27 10:48:30,078 [INFO] Converting JSON to Excel...
2025-01-27 10:48:36,055 [INFO] JSON-to-Excel conversion completed successfully.
2025-01-27 10:48:36,055 [INFO] All steps completed successfully. Final Excel file saved as output/jobs.xlsx.
2025-01-27 11:01:14,034 [INFO] Running Selenium scraper...
2025-01-27 11:04:05,254 [INFO] Selenium scraper completed successfully.
2025-01-27 11:04:05,254 [INFO] Running Scrapy spider...
2025-01-27 11:06:08,656 [INFO] Scrapy spider completed successfully.
2025-01-27 11:06:08,657 [INFO] Converting JSON to Excel...
2025-01-27 11:06:11,183 [INFO] JSON-to-Excel conversion completed successfully.
2025-01-27 11:06:11,183 [INFO] All steps completed successfully. Final Excel file saved as output/jobs.xlsx.
2025-01-27 11:15:46,572 [INFO] Running Selenium scraper...
2025-01-27 11:18:51,927 [INFO] Selenium scraper completed successfully.
2025-01-27 11:18:51,928 [INFO] Running Scrapy spider...
2025-01-27 11:19:02,387 [INFO] Scrapy spider completed successfully.
2025-01-27 11:19:02,387 [INFO] Converting JSON to Excel...
2025-01-27 11:19:49,627 [ERROR] JSON-to-Excel conversion failed: Command '['python', 'convert.py']' returned non-zero exit status 1.
2025-01-27 11:19:49,628 [ERROR] Script failed: Command '['python', 'convert.py']' returned non-zero exit status 1.
2025-01-27 11:22:17,321 [INFO] Running Selenium scraper...
2025-01-27 11:25:04,048 [INFO] Selenium scraper completed successfully.
2025-01-27 11:25:04,049 [INFO] Running Scrapy spider...
2025-01-27 11:25:14,191 [INFO] Scrapy spider completed successfully.
2025-01-27 11:25:14,191 [INFO] Converting JSON to Excel...
2025-01-27 11:28:54,295 [ERROR] JSON-to-Excel conversion failed: Command '['python', 'convert.py']' returned non-zero exit status 1.
2025-01-27 11:28:54,295 [ERROR] Script failed: Command '['python', 'convert.py']' returned non-zero exit status 1.
2025-01-27 11:29:09,403 [INFO] Running Selenium scraper...
2025-01-27 11:32:45,679 [INFO] Selenium scraper completed successfully.
2025-01-27 11:32:45,679 [INFO] Running Scrapy spider...
2025-01-27 11:32:55,766 [INFO] Scrapy spider completed successfully.
2025-01-27 11:32:55,767 [INFO] Converting JSON to Excel...
2025-01-27 11:33:24,367 [ERROR] JSON-to-Excel conversion failed: Command '['python', 'convert.py']' returned non-zero exit status 1.
2025-01-27 11:33:24,369 [ERROR] Script failed: Command '['python', 'convert.py']' returned non-zero exit status 1.
