2025-01-27 04:39:55,573 [INFO] ====== WebDriver manager ======
2025-01-27 04:39:56,925 [INFO] Get LATEST chromedriver version for google-chrome
2025-01-27 04:39:57,100 [INFO] Get LATEST chromedriver version for google-chrome
2025-01-27 04:39:57,261 [INFO] Driver [C:\Users\rahul\.wdm\drivers\chromedriver\win64\131.0.6778.264\chromedriver-win32/chromedriver.exe] found in cache
2025-01-27 04:40:13,015 [INFO] Closed the cookie consent banner.
2025-01-27 04:40:13,015 [INFO] Scraping page 1...
2025-01-27 04:40:20,837 [INFO] Scraping page 2...
2025-01-27 04:40:20,930 [INFO] Reached the page limit (2). Stopping.
2025-01-27 04:40:23,356 [INFO] Saved 20 job links to temp_job_links.json
2025-01-27 04:40:23,356 [INFO] Extracted 20 job links.
2025-01-27 04:42:41,946 [INFO] ====== WebDriver manager ======
2025-01-27 04:42:43,391 [INFO] Get LATEST chromedriver version for google-chrome
2025-01-27 04:42:43,631 [INFO] Get LATEST chromedriver version for google-chrome
2025-01-27 04:42:43,782 [INFO] Driver [C:\Users\rahul\.wdm\drivers\chromedriver\win64\131.0.6778.264\chromedriver-win32/chromedriver.exe] found in cache
2025-01-27 04:42:56,726 [INFO] Closed the cookie consent banner.
2025-01-27 04:42:56,726 [INFO] Scraping page 1...
2025-01-27 04:42:56,819 [INFO] Reached the page limit (1). Stopping.
2025-01-27 04:42:59,307 [INFO] Saved 10 job links to temp_job_links.json
2025-01-27 04:42:59,307 [INFO] Extracted 10 job links.
2025-01-27 04:44:03,581 [INFO] ====== WebDriver manager ======
2025-01-27 04:44:04,878 [INFO] Get LATEST chromedriver version for google-chrome
2025-01-27 04:44:05,035 [INFO] Get LATEST chromedriver version for google-chrome
2025-01-27 04:44:05,188 [INFO] Driver [C:\Users\rahul\.wdm\drivers\chromedriver\win64\131.0.6778.264\chromedriver-win32/chromedriver.exe] found in cache
2025-01-27 04:44:17,008 [INFO] Closed the cookie consent banner.
2025-01-27 04:44:17,008 [INFO] Scraping page 1...
2025-01-27 04:44:24,465 [INFO] Scraping page 2...
2025-01-27 04:44:24,550 [INFO] Reached the page limit (2). Stopping.
2025-01-27 04:44:26,913 [INFO] Saved 20 job links to temp_job_links.json
2025-01-27 04:44:26,914 [INFO] Extracted 20 job links.
